
WARNING 2021-06-16 10:58:05,814 log 228 Not Found: /favicon.ico
INFO 2021-06-16 11:56:56,877 views 270 ?
INFO 2021-06-16 11:56:56,878 views 271 xiyounet
INFO 2021-06-16 11:56:59,971 views 302 None
INFO 2021-06-16 11:56:59,975 views 303 007
INFO 2021-06-16 11:56:59,975 views 304 None
INFO 2021-06-16 11:57:22,728 views 270 ?
INFO 2021-06-16 11:57:22,728 views 271 seer520
INFO 2021-06-16 11:57:27,276 views 302 林思超
INFO 2021-06-16 11:57:27,277 views 303 04182004
INFO 2021-06-16 11:57:27,277 views 304 网络1801
WARNING 2021-06-16 11:58:12,143 log 228 Not Found: /to
WARNING 2021-06-16 12:46:26,337 log 228 Not Found: /images/Nxrs4tAtO/HCw4_2FQ7o69dmQEodXU/_2Fua56jJgWqt8tN1Tx/0M9Tus5G1nAOe_2BJflcrm/2nz3T7AxG_2Fd/YnZ7Cn6A/zq1HlKYZhiFyQLgflmvIbb1/yQL2MK3UaK/00uQsiMnxrcs4C9gN/xpGuwRLuq6tH/7YwEr.avi
WARNING 2021-06-16 14:18:58,986 log 228 Not Found: /.env
WARNING 2021-06-16 14:18:59,240 log 228 Not Found: /wp-content/
WARNING 2021-06-16 15:10:57,594 log 228 Not Found: /favicon.ico
WARNING 2021-06-16 20:57:31,825 log 228 Not Found: /shell
WARNING 2021-06-16 22:27:14,833 log 228 Not Found: /.env
WARNING 2021-06-16 22:27:15,546 log 228 Forbidden (CSRF cookie not set.): /
WARNING 2021-06-16 22:34:31,301 log 228 Not Found: /cache/global/img/gs.gif
WARNING 2021-06-17 01:05:20,035 log 228 Not Found: /portal/redlion
WARNING 2021-06-17 01:15:08,499 log 228 Not Found: /actuator/health
WARNING 2021-06-17 03:26:27,624 log 228 Not Found: /nice ports,/Trinity.txt.bak
WARNING 2021-06-17 03:27:02,060 log 228 Not Found: /.env
WARNING 2021-06-17 03:27:02,545 log 228 Not Found: /.env
WARNING 2021-06-17 03:53:09,461 log 228 Not Found: /explicit_not_exist_path
WARNING 2021-06-17 03:53:09,514 log 228 Not Found: /admin/
WARNING 2021-06-17 03:53:09,737 log 228 Not Found: /robots.txt
WARNING 2021-06-17 03:53:09,751 log 228 Not Found: /favicon.ico
WARNING 2021-06-17 03:53:09,838 log 228 Not Found: /login/img/product_logo.png
WARNING 2021-06-17 03:53:09,861 log 228 Not Found: /wp-login.php
WARNING 2021-06-17 03:53:09,874 log 228 Not Found: /readme.html
WARNING 2021-06-17 03:53:09,886 log 228 Not Found: /license.txt
WARNING 2021-06-17 03:53:09,899 log 228 Not Found: /wp-includes/js/wplink.js
WARNING 2021-06-17 03:53:09,912 log 228 Not Found: /wp-admin/js/customize-controls.js
WARNING 2021-06-17 03:53:09,924 log 228 Not Found: /wp-admin/js/nav-menu.js
WARNING 2021-06-17 03:53:09,937 log 228 Not Found: /wp-includes/js/plupload/handlers.js
WARNING 2021-06-17 03:53:09,950 log 228 Not Found: /wp-includes/js/tinymce/wp-tinymce.js.gz
WARNING 2021-06-17 03:53:09,985 log 228 Not Found: /images/ofbiz.ico
WARNING 2021-06-17 03:53:10,022 log 228 Not Found: /phpMyAdmin/
WARNING 2021-06-17 03:53:10,042 log 228 Not Found: /phpmyadmin/
WARNING 2021-06-17 03:53:10,061 log 228 Not Found: /wcm/
WARNING 2021-06-17 06:25:21,529 log 228 Not Found: /config/getuser
ERROR 2021-06-17 06:37:55,095 exception 77 Invalid HTTP_HOST header: 'qianyi.yunhuibai.com:-1'. The domain name provided is not valid according to RFC 1034/1035.
WARNING 2021-06-17 06:37:55,096 log 228 Bad Request: /pi/check
WARNING 2021-06-17 06:51:21,866 log 228 Not Found: /robots.txt
WARNING 2021-06-17 07:36:26,537 log 228 Not Found: /robots.txt
WARNING 2021-06-17 08:02:14,296 log 228 Not Found: /sdk
WARNING 2021-06-17 08:02:15,452 log 228 Not Found: /nmaplowercheck1623888123
WARNING 2021-06-17 08:02:15,604 log 228 Not Found: /HNAP1
WARNING 2021-06-17 08:02:25,292 log 228 Not Found: /evox/about
WARNING 2021-06-17 08:16:49,958 log 228 Not Found: /GponForm/diag_Form
WARNING 2021-06-17 08:44:54,508 log 228 Not Found: /boaform/admin/formLogin
